[dreamsports.dreamstechnologies.com/html/index.html]
[backblue.gif]
[fade.gif]
[index.html]
[dreamsports.dreamstechnologies.com/html/assets/img/meta-image.jpg]
[dreamsports.dreamstechnologies.com/assets/img/meta-image.jpg]
[dreamsports.dreamstechnologies.com/html/assets/img/favicon.png]
[dreamsports.dreamstechnologies.com/html/assets/img/apple-touch-icon-120x120.png]
[dreamsports.dreamstechnologies.com/html/assets/img/apple-touch-icon-152x152.png]
[dreamsports.dreamstechnologies.com/html/assets/css/bootstrap.min.css]
[dreamsports.dreamstechnologies.com/html/assets/plugins/owl-carousel/owl.carousel.min.css]
[dreamsports.dreamstechnologies.com/html/assets/plugins/owl-carousel/owl.theme.default.min.css]
[dreamsports.dreamstechnologies.com/html/assets/plugins/aos/aos.css]
[dreamsports.dreamstechnologies.com/html/assets/plugins/fontawesome/css/all.min.css]
[dreamsports.dreamstechnologies.com/html/assets/plugins/select2/css/select2.min.css]
[dreamsports.dreamstechnologies.com/html/assets/css/feather.css]
[dreamsports.dreamstechnologies.com/html/assets/css/style.css]
[dreamsports.dreamstechnologies.com/html/assets/img/loader.png]
[dreamsports.dreamstechnologies.com/html/assets/img/logo.svg]
[dreamsports.dreamstechnologies.com/html/assets/img/logo-black.svg]
[dreamsports.dreamstechnologies.com/html/coaches-map.html]
[dreamsports.dreamstechnologies.com/html/coaches-map-sidebar.html]
[dreamsports.dreamstechnologies.com/html/coaches-grid.html]
[dreamsports.dreamstechnologies.com/html/coaches-list.html]
[dreamsports.dreamstechnologies.com/html/coaches-grid-sidebar.html]
[dreamsports.dreamstechnologies.com/html/coaches-list-sidebar.html]
[dreamsports.dreamstechnologies.com/html/cage-details.html]
[dreamsports.dreamstechnologies.com/html/coach-details.html]
[dreamsports.dreamstechnologies.com/html/coach-detail.html]
[dreamsports.dreamstechnologies.com/html/listing-list.html]
[dreamsports.dreamstechnologies.com/html/venue-details.html]
[dreamsports.dreamstechnologies.com/html/coach-dashboard.html]
[dreamsports.dreamstechnologies.com/html/all-court.html]
[dreamsports.dreamstechnologies.com/html/add-court.html]
[dreamsports.dreamstechnologies.com/html/coach-chat.html]
[dreamsports.dreamstechnologies.com/html/coach-earning.html]
[dreamsports.dreamstechnologies.com/html/coach-wallet.html]
[dreamsports.dreamstechnologies.com/html/coach-profile.html]
[dreamsports.dreamstechnologies.com/html/invoice.html]
[dreamsports.dreamstechnologies.com/html/user-dashboard.html]
[dreamsports.dreamstechnologies.com/html/user-bookings.html]
[dreamsports.dreamstechnologies.com/html/user-chat.html]
[dreamsports.dreamstechnologies.com/html/user-invoice.html]
[dreamsports.dreamstechnologies.com/html/user-wallet.html]
[dreamsports.dreamstechnologies.com/html/user-profile.html]
[dreamsports.dreamstechnologies.com/html/user-setting-password.html]
[dreamsports.dreamstechnologies.com/html/user-profile-othersetting.html]
[dreamsports.dreamstechnologies.com/html/about-us.html]
[dreamsports.dreamstechnologies.com/html/our-teams.html]
[dreamsports.dreamstechnologies.com/html/services.html]
[dreamsports.dreamstechnologies.com/html/events.html]
[dreamsports.dreamstechnologies.com/html/register.html]
[dreamsports.dreamstechnologies.com/html/login.html]
[dreamsports.dreamstechnologies.com/html/forgot-password.html]
[dreamsports.dreamstechnologies.com/html/change-password.html]
[dreamsports.dreamstechnologies.com/html/error-404.html]
[dreamsports.dreamstechnologies.com/html/pricing.html]
[dreamsports.dreamstechnologies.com/html/faq.html]
[dreamsports.dreamstechnologies.com/html/gallery.html]
[dreamsports.dreamstechnologies.com/html/testimonials.html]
[dreamsports.dreamstechnologies.com/html/testimonials-carousel.html]
[dreamsports.dreamstechnologies.com/html/terms-condition.html]
[dreamsports.dreamstechnologies.com/html/privacy-policy.html]
[dreamsports.dreamstechnologies.com/html/maintenance.html]
[dreamsports.dreamstechnologies.com/html/coming-soon.html]
[dreamsports.dreamstechnologies.com/html/blog-list.html]
[dreamsports.dreamstechnologies.com/html/blog-list-sidebar-left.html]
[dreamsports.dreamstechnologies.com/html/blog-list-sidebar-right.html]
[dreamsports.dreamstechnologies.com/html/blog-grid.html]
[dreamsports.dreamstechnologies.com/html/blog-grid-sidebar-left.html]
[dreamsports.dreamstechnologies.com/html/blog-grid-sidebar-right.html]
[dreamsports.dreamstechnologies.com/html/blog-details.html]
[dreamsports.dreamstechnologies.com/html/blog-details-sidebar-left.html]
[dreamsports.dreamstechnologies.com/html/blog-details-sidebar-right.html]
[dreamsports.dreamstechnologies.com/html/blog-carousel.html]
[dreamsports.dreamstechnologies.com/html/contact-us.html]
[dreamsports.dreamstechnologies.com/html/assets/img/icons/banner-cock1.svg]
[dreamsports.dreamstechnologies.com/html/assets/img/icons/banner-cock2.svg]
[dreamsports.dreamstechnologies.com/html/assets/img/bg/banner-right.png]
[dreamsports.dreamstechnologies.com/html/assets/img/icons/work-cock.svg]
[dreamsports.dreamstechnologies.com/html/assets/img/bg/work-bg.png]
[dreamsports.dreamstechnologies.com/html/assets/img/icons/work-icon1.svg]
[dreamsports.dreamstechnologies.com/html/assets/img/icons/work-icon2.svg]
[dreamsports.dreamstechnologies.com/html/assets/img/icons/work-icon3.svg]
[dreamsports.dreamstechnologies.com/html/assets/img/venues/venues-01.jpg]
[dreamsports.dreamstechnologies.com/html/assets/img/profiles/avatar-01.jpg]
[dreamsports.dreamstechnologies.com/html/assets/img/venues/venues-02.jpg]
[dreamsports.dreamstechnologies.com/html/assets/img/profiles/avatar-02.jpg]
[dreamsports.dreamstechnologies.com/html/assets/img/venues/venues-03.jpg]
[dreamsports.dreamstechnologies.com/html/assets/img/profiles/avatar-03.jpg]
[dreamsports.dreamstechnologies.com/html/assets/img/profiles/avatar-04.jpg]
[dreamsports.dreamstechnologies.com/html/listing-grid.html]
[dreamsports.dreamstechnologies.com/html/service-detail.html]
[dreamsports.dreamstechnologies.com/html/assets/img/services/service-01.jpg]
[dreamsports.dreamstechnologies.com/html/assets/img/services/service-02.jpg]
[dreamsports.dreamstechnologies.com/html/assets/img/services/service-03.jpg]
[dreamsports.dreamstechnologies.com/html/assets/img/services/service-04.jpg]
[dreamsports.dreamstechnologies.com/html/assets/img/icons/cock-01.svg]
[dreamsports.dreamstechnologies.com/html/assets/img/icons/cock-02.svg]
[dreamsports.dreamstechnologies.com/html/assets/img/bg/cock-shape.png]
[dreamsports.dreamstechnologies.com/html/assets/img/profiles/user-01.jpg]
[dreamsports.dreamstechnologies.com/html/assets/img/profiles/user-02.jpg]
[dreamsports.dreamstechnologies.com/html/assets/img/profiles/user-03.jpg]
[dreamsports.dreamstechnologies.com/html/assets/img/profiles/user-04.jpg]
[dreamsports.dreamstechnologies.com/html/assets/img/journey-01.png]
[dreamsports.dreamstechnologies.com/html/assets/img/icons/coache-icon-01.svg]
[dreamsports.dreamstechnologies.com/html/assets/img/icons/coache-icon-02.svg]
[dreamsports.dreamstechnologies.com/html/assets/img/icons/coache-icon-03.svg]
[dreamsports.dreamstechnologies.com/html/assets/img/icons/coache-icon-04.svg]
[dreamsports.dreamstechnologies.com/html/assets/img/icons/coache-icon-05.svg]
[dreamsports.dreamstechnologies.com/html/assets/img/icons/coache-icon-06.svg]
[dreamsports.dreamstechnologies.com/html/assets/img/best-service.jpg]
[dreamsports.dreamstechnologies.com/html/assets/img/venues/venues-04.jpg]
[dreamsports.dreamstechnologies.com/html/assets/img/venues/venues-05.jpg]
[dreamsports.dreamstechnologies.com/html/assets/img/venues/venues-06.jpg]
[dreamsports.dreamstechnologies.com/html/assets/img/testimonial-icon-01.svg]
[dreamsports.dreamstechnologies.com/html/assets/img/testimonial-icon-04.svg]
[dreamsports.dreamstechnologies.com/html/assets/img/testimonial-icon-03.svg]
[dreamsports.dreamstechnologies.com/html/assets/img/testimonial-icon-05.svg]
[dreamsports.dreamstechnologies.com/html/assets/img/icons/price-01.svg]
[dreamsports.dreamstechnologies.com/html/assets/img/icons/price-02.svg]
[dreamsports.dreamstechnologies.com/html/assets/img/icons/price-03.svg]
[dreamsports.dreamstechnologies.com/html/assets/img/venues/venues-07.jpg]
[dreamsports.dreamstechnologies.com/html/assets/img/icons/clock.svg]
[dreamsports.dreamstechnologies.com/html/assets/img/venues/venues-08.jpg]
[dreamsports.dreamstechnologies.com/html/assets/img/venues/venues-09.jpg]
[dreamsports.dreamstechnologies.com/html/assets/img/profiles/avatar-06.jpg]
[dreamsports.dreamstechnologies.com/html/assets/img/subscribe-bg.jpg]
[dreamsports.dreamstechnologies.com/html/assets/img/icons/subscribe.svg]
[dreamsports.dreamstechnologies.com/html/my-profile.html]
[dreamsports.dreamstechnologies.com/html/assets/img/icons/icon-apple.svg]
[dreamsports.dreamstechnologies.com/html/assets/img/icons/google-icon.svg]
[dreamsports.dreamstechnologies.com/cdn-cgi/scripts/5c5dd728/cloudflare-static/email-decode.min.js]
[dreamsports.dreamstechnologies.com/html/assets/js/jquery-3.7.1.min.js]
[dreamsports.dreamstechnologies.com/html/assets/js/bootstrap.bundle.min.js]
[dreamsports.dreamstechnologies.com/html/assets/plugins/select2/js/select2.min.js]
[dreamsports.dreamstechnologies.com/html/assets/plugins/owl-carousel/owl.carousel.min.js]
[dreamsports.dreamstechnologies.com/html/assets/plugins/aos/aos.js]
[dreamsports.dreamstechnologies.com/html/assets/js/jquery.waypoints.js]
[dreamsports.dreamstechnologies.com/html/assets/js/jquery.counterup.min.js]
[dreamsports.dreamstechnologies.com/html/assets/js/backToTop.js]
[dreamsports.dreamstechnologies.com/html/assets/js/script.js]
[dreamsports.dreamstechnologies.com/html/index.html]
[dreamsports.dreamstechnologies.com/html/assets/css/bootstrap.min.css]
[dreamsports.dreamstechnologies.com/cdn-cgi/scripts/7d0fa10a/cloudflare-static/rocket-loader.min.js]
[dreamsports.dreamstechnologies.com/html/assets/plugins/owl-carousel/owl.video.play.png]
[dreamsports.dreamstechnologies.com/html/assets/plugins/owl-carousel/owl.carousel.min.css]
[dreamsports.dreamstechnologies.com/html/assets/plugins/owl-carousel/owl.theme.default.min.css]
[dreamsports.dreamstechnologies.com/html/assets/plugins/aos/aos.css]
[dreamsports.dreamstechnologies.com/html/assets/plugins/fontawesome/css/all.min.css]
[dreamsports.dreamstechnologies.com/html/assets/plugins/select2/css/select2.min.css]
[dreamsports.dreamstechnologies.com/html/assets/fonts/Feather144f.ttf]
[dreamsports.dreamstechnologies.com/html/assets/fonts/Feather144f.woff]
[dreamsports.dreamstechnologies.com/html/assets/css/feather.css]
[dreamsports.dreamstechnologies.com/html/assets/img/icons/menu-active.svg]
[dreamsports.dreamstechnologies.com/html/assets/img/icons/down-arrow.svg]
[dreamsports.dreamstechnologies.com/html/assets/img/bg/breadcrumb-bg.png]
[dreamsports.dreamstechnologies.com/html/assets/fonts/Feather144f.svg]
[dreamsports.dreamstechnologies.com/html/assets/img/bg/breadcrumb-bg2.jpg]
[dreamsports.dreamstechnologies.com/html/assets/img/bg/title-head.png]
[dreamsports.dreamstechnologies.com/html/assets/img/bg/banner.jpg]
[dreamsports.dreamstechnologies.com/html/assets/img/icons/cock-icon.svg]
[dreamsports.dreamstechnologies.com/html/assets/img/icons/bg-01.svg]
[dreamsports.dreamstechnologies.com/html/assets/img/bg/convenient-bg.jpg]
[dreamsports.dreamstechnologies.com/html/assets/img/bg/bg-01.png]
[dreamsports.dreamstechnologies.com/html/assets/img/bg/bg-02.png]
[dreamsports.dreamstechnologies.com/html/assets/img/icons/bg-02.svg]
[dreamsports.dreamstechnologies.com/html/assets/img/icons/cock-icon-02.svg]
[dreamsports.dreamstechnologies.com/html/assets/img/bg/private-bg-01.jpg]
[dreamsports.dreamstechnologies.com/html/assets/img/bg/bg-03.png]
[dreamsports.dreamstechnologies.com/html/assets/img/icons/calendar-icon.svg]
[dreamsports.dreamstechnologies.com/html/assets/img/bg/register-bg.jpg]
[dreamsports.dreamstechnologies.com/html/assets/img/bg/login-bg.jpg]
[dreamsports.dreamstechnologies.com/html/assets/css/style.css]
[dreamsports.dreamstechnologies.com/html/assets/img/logo.svg]
[dreamsports.dreamstechnologies.com/html/assets/img/logo-black.svg]
[dreamsports.dreamstechnologies.com/html/assets/img/icons/sort-01.svg]
[dreamsports.dreamstechnologies.com/html/assets/img/icons/sort-02.svg]
[dreamsports.dreamstechnologies.com/html/assets/img/icons/sort-03.svg]
[dreamsports.dreamstechnologies.com/html/assets/img/featured/featured-05.jpg]
[dreamsports.dreamstechnologies.com/html/assets/img/featured/featured-06.jpg]
[dreamsports.dreamstechnologies.com/html/assets/img/featured/featured-07.jpg]
[dreamsports.dreamstechnologies.com/html/assets/img/featured/featured-08.jpg]
[dreamsports.dreamstechnologies.com/html/assets/img/featured/featured-09.jpg]
[dreamsports.dreamstechnologies.com/html/assets/img/featured/featured-10.jpg]
[dreamsports.dreamstechnologies.com/html/assets/img/featured/featured-11.jpg]
[dreamsports.dreamstechnologies.com/html/assets/img/featured/featured-12.jpg]
[dreamsports.dreamstechnologies.com/html/assets/img/featured/featured-13.jpg]
[dreamsports.dreamstechnologies.com/html/assets/img/icons/u_plus-square.svg]
[dreamsports.dreamstechnologies.com/html/assets/js/moment.min.js]
[dreamsports.dreamstechnologies.com/html/assets/js/bootstrap-datetimepicker.min.js]
[dreamsports.dreamstechnologies.com/html/assets/js/map.js]
[dreamsports.dreamstechnologies.com/html/coaches-map.html]
[dreamsports.dreamstechnologies.com/html/assets/plugins/simple-calendar/simple-calendar.css]
[dreamsports.dreamstechnologies.com/html/assets/plugins/ion-rangeslider/css/ion.rangeSlider.min.css]
[dreamsports.dreamstechnologies.com/html/assets/plugins/simple-calendar/jquery.simple-calendar.js]
[dreamsports.dreamstechnologies.com/html/assets/js/calander.js]
[dreamsports.dreamstechnologies.com/html/assets/plugins/ion-rangeslider/js/ion.rangeSlider.min.js]
[dreamsports.dreamstechnologies.com/html/assets/plugins/ion-rangeslider/js/custom-rangeslider.js]
[dreamsports.dreamstechnologies.com/html/assets/plugins/theia-sticky-sidebar/ResizeSensor.js]
[dreamsports.dreamstechnologies.com/html/assets/plugins/theia-sticky-sidebar/theia-sticky-sidebar.js]
[dreamsports.dreamstechnologies.com/html/coaches-map-sidebar.html]
[dreamsports.dreamstechnologies.com/html/coaches-grid.html]
[dreamsports.dreamstechnologies.com/html/coaches-list.html]
[dreamsports.dreamstechnologies.com/html/coaches-grid-sidebar.html]
[dreamsports.dreamstechnologies.com/html/coaches-list-sidebar.html]
[dreamsports.dreamstechnologies.com/html/assets/css/bootstrap-datetimepicker.min.css]
[dreamsports.dreamstechnologies.com/html/assets/img/profiles/avatar-05.jpg]
[dreamsports.dreamstechnologies.com/html/cage-order-confirm.html]
[dreamsports.dreamstechnologies.com/html/cage-personalinfo.html]
[dreamsports.dreamstechnologies.com/html/cage-checkout.html]
[dreamsports.dreamstechnologies.com/html/assets/img/master-academy.png]
[dreamsports.dreamstechnologies.com/html/cage-details.html]
[dreamsports.dreamstechnologies.com/html/coach-timedate.html]
[dreamsports.dreamstechnologies.com/html/coach-personalinfo.html]
[dreamsports.dreamstechnologies.com/html/coach-order-confirm.html]
[dreamsports.dreamstechnologies.com/html/coach-payment.html]
[dreamsports.dreamstechnologies.com/html/assets/img/profiles/avatar-02.png]
[dreamsports.dreamstechnologies.com/html/coach-details.html]
[dreamsports.dreamstechnologies.com/html/assets/plugins/fancybox/jquery.fancybox.min.css]
[dreamsports.dreamstechnologies.com/html/assets/img/bg/coach-detail-bg.jpg]
[dreamsports.dreamstechnologies.com/html/assets/img/profiles/avatar-coach-detail.jpg]
[dreamsports.dreamstechnologies.com/html/assets/img/icons/flag-01.png]
[dreamsports.dreamstechnologies.com/html/assets/img/icons/expert.svg]
[dreamsports.dreamstechnologies.com/html/assets/img/icons/sessions.svg]
[dreamsports.dreamstechnologies.com/html/assets/img/icons/since.svg]
[dreamsports.dreamstechnologies.com/html/assets/img/gallery/gallery3/gallery-01.jpg]
[dreamsports.dreamstechnologies.com/html/assets/img/gallery/gallery3/gallery-02.jpg]
[dreamsports.dreamstechnologies.com/html/assets/img/gallery/gallery3/gallery-03.jpg]
[dreamsports.dreamstechnologies.com/html/assets/img/gallery/gallery-thumb-01.jpg]
[dreamsports.dreamstechnologies.com/html/assets/img/gallery/gallery-01.jpg]
[dreamsports.dreamstechnologies.com/html/assets/img/gallery/gallery-thumb-02.jpg]
[dreamsports.dreamstechnologies.com/html/assets/img/gallery/gallery-02.jpg]
[dreamsports.dreamstechnologies.com/html/assets/img/gallery/gallery-thumb-03.jpg]
[dreamsports.dreamstechnologies.com/html/assets/img/gallery/gallery-03.jpg]
[dreamsports.dreamstechnologies.com/html/assets/img/gallery/gallery-thumb-04.jpg]
[dreamsports.dreamstechnologies.com/html/assets/img/gallery/gallery-04.jpg]
[dreamsports.dreamstechnologies.com/html/assets/img/gallery/gallery-thumb-05.jpg]
[dreamsports.dreamstechnologies.com/html/assets/img/gallery/gallery-05.jpg]
[dreamsports.dreamstechnologies.com/html/assets/img/icons/head-calendar.svg]
[dreamsports.dreamstechnologies.com/html/assets/img/listing-by-owner-01.jpg]
[dreamsports.dreamstechnologies.com/html/assets/img/listing-by-owner-02.jpg]
[dreamsports.dreamstechnologies.com/html/coach-detail.html]
[dreamsports.dreamstechnologies.com/html/assets/plugins/fancybox/jquery.fancybox.min.js]
[dreamsports.dreamstechnologies.com/html/listing-map.html]
[dreamsports.dreamstechnologies.com/html/assets/img/venues/venues-10.jpg]
[dreamsports.dreamstechnologies.com/html/assets/img/venues/venues-11.jpg]
[dreamsports.dreamstechnologies.com/html/assets/img/venues/venues-12.jpg]
[dreamsports.dreamstechnologies.com/html/assets/img/venues/venues-13.jpg]
[dreamsports.dreamstechnologies.com/html/assets/img/profiles/avatar-07.jpg]
[dreamsports.dreamstechnologies.com/html/assets/img/profiles/avatar-08.jpg]
[dreamsports.dreamstechnologies.com/html/assets/img/venues/venues-14.jpg]
[dreamsports.dreamstechnologies.com/html/assets/img/profiles/avatar-09.jpg]
[dreamsports.dreamstechnologies.com/html/listing-list.html]
[dreamsports.dreamstechnologies.com/html/assets/img/gallery/gallery1/gallery-01.png]
[dreamsports.dreamstechnologies.com/html/assets/img/gallery/gallery1/gallery-02.png]
[dreamsports.dreamstechnologies.com/html/assets/img/gallery/gallery1/gallery-03.png]
[dreamsports.dreamstechnologies.com/html/assets/img/gallery/gallery1/gallery-04.png]
[dreamsports.dreamstechnologies.com/html/assets/img/gallery/gallery1/gallery-05.png]
[dreamsports.dreamstechnologies.com/html/assets/img/icons/venue-type.svg]
[dreamsports.dreamstechnologies.com/html/assets/img/gallery/gallery2/gallery-thumb-01.jpg]
[dreamsports.dreamstechnologies.com/html/assets/img/gallery/gallery2/gallery-01.jpg]
[dreamsports.dreamstechnologies.com/html/assets/img/gallery/gallery2/gallery-thumb-02.jpg]
[dreamsports.dreamstechnologies.com/html/assets/img/gallery/gallery2/gallery-02.jpg]
[dreamsports.dreamstechnologies.com/html/assets/img/gallery/gallery2/gallery-thumb-03.jpg]
[dreamsports.dreamstechnologies.com/html/assets/img/gallery/gallery2/gallery-03.jpg]
[dreamsports.dreamstechnologies.com/html/venue-details.html]
[dreamsports.dreamstechnologies.com/html/assets/img/icons/dashboard-icon.svg]
[dreamsports.dreamstechnologies.com/html/assets/img/icons/court-icon.svg]
[dreamsports.dreamstechnologies.com/html/coach-request.html]
[dreamsports.dreamstechnologies.com/html/assets/img/icons/request-icon.svg]
[dreamsports.dreamstechnologies.com/html/coach-booking.html]
[dreamsports.dreamstechnologies.com/html/assets/img/icons/booking-icon.svg]
[dreamsports.dreamstechnologies.com/html/assets/img/icons/chat-icon.svg]
[dreamsports.dreamstechnologies.com/html/assets/img/icons/invoice-icon.svg]
[dreamsports.dreamstechnologies.com/html/assets/img/icons/wallet-icon.svg]
[dreamsports.dreamstechnologies.com/html/assets/img/icons/profile-icon.svg]
[dreamsports.dreamstechnologies.com/html/assets/img/icons/statistics-01.svg]
[dreamsports.dreamstechnologies.com/html/assets/img/icons/statistics-03.svg]
[dreamsports.dreamstechnologies.com/html/assets/img/icons/statistics-02.svg]
[dreamsports.dreamstechnologies.com/html/assets/img/icons/statistics-04.svg]
[dreamsports.dreamstechnologies.com/html/assets/img/booking/booking-01.jpg]
[dreamsports.dreamstechnologies.com/html/assets/img/booking/booking-04.jpg]
[dreamsports.dreamstechnologies.com/html/assets/img/booking/booking-03.jpg]
[dreamsports.dreamstechnologies.com/html/assets/img/booking/booking-02.jpg]
[dreamsports.dreamstechnologies.com/html/assets/img/featured/featured-04.jpg]
[dreamsports.dreamstechnologies.com/html/assets/img/featured/featured-03.jpg]
[dreamsports.dreamstechnologies.com/html/assets/img/booking/booking-05.jpg]
[dreamsports.dreamstechnologies.com/html/assets/img/booking/booking-06.jpg]
[dreamsports.dreamstechnologies.com/html/assets/plugins/apexchart/apexcharts.min.js]
[dreamsports.dreamstechnologies.com/html/assets/plugins/apexchart/chart-data.js]
[dreamsports.dreamstechnologies.com/html/coach-dashboard.html]
[dreamsports.dreamstechnologies.com/html/assets/plugins/datatables/datatables.min.css]
[dreamsports.dreamstechnologies.com/html/court-active.html]
[dreamsports.dreamstechnologies.com/html/court-inactive.html]
[dreamsports.dreamstechnologies.com/html/assets/plugins/datatables/jquery.dataTables.min.js]
[dreamsports.dreamstechnologies.com/html/all-court.html]
[dreamsports.dreamstechnologies.com/html/assets/plugins/datatables/datatables.min.js]
[dreamsports.dreamstechnologies.com/html/add-court.html]
[dreamsports.dreamstechnologies.com/html/coach-chat.html]
[dreamsports.dreamstechnologies.com/html/assets/img/icons/upload-icon.svg]
[dreamsports.dreamstechnologies.com/html/coach-earning.html]
[dreamsports.dreamstechnologies.com/html/earning-coaching.html]
[dreamsports.dreamstechnologies.com/html/coach-wallet.html]
[dreamsports.dreamstechnologies.com/html/assets/img/icons/visa-icon.svg]
[dreamsports.dreamstechnologies.com/html/setting-lesson.html]
[dreamsports.dreamstechnologies.com/html/setting-availability.html]
[dreamsports.dreamstechnologies.com/html/setting-password.html]
[dreamsports.dreamstechnologies.com/html/profile-othersetting.html]
[dreamsports.dreamstechnologies.com/html/appointment-details.html]
[dreamsports.dreamstechnologies.com/html/coach-profile.html]
[dreamsports.dreamstechnologies.com/html/assets/img/icons/img-icon.svg]
[dreamsports.dreamstechnologies.com/html/assets/img/pay-online.jpg]
[dreamsports.dreamstechnologies.com/html/invoice.html]
[dreamsports.dreamstechnologies.com/html/user-dashboard.html]
[dreamsports.dreamstechnologies.com/html/user-complete.html]
[dreamsports.dreamstechnologies.com/html/user-ongoing.html]
[dreamsports.dreamstechnologies.com/html/user-cancelled.html]
[dreamsports.dreamstechnologies.com/html/assets/img/icons/chat-icon-01.svg]
[dreamsports.dreamstechnologies.com/html/assets/img/icons/reset.svg]
[dreamsports.dreamstechnologies.com/html/assets/img/flag/usa.png]
[dreamsports.dreamstechnologies.com/html/assets/img/icons/rank.svg]
[dreamsports.dreamstechnologies.com/html/assets/img/icons/process.svg]
[dreamsports.dreamstechnologies.com/html/assets/img/icons/calendar-alt.svg]
[dreamsports.dreamstechnologies.com/html/assets/img/icons/short-bio.svg]
[dreamsports.dreamstechnologies.com/html/assets/img/icons/lesson-with-me.svg]
[dreamsports.dreamstechnologies.com/html/assets/img/icons/coaching.svg]
[dreamsports.dreamstechnologies.com/html/assets/img/icons/gallery.svg]
[dreamsports.dreamstechnologies.com/html/assets/img/gallery/gallery4/gallery-15.jpg]
[dreamsports.dreamstechnologies.com/html/assets/img/gallery/gallery4/gallery-16.jpg]
[dreamsports.dreamstechnologies.com/html/assets/img/gallery/gallery4/gallery-17.jpg]
[dreamsports.dreamstechnologies.com/html/assets/img/icons/location.svg]
[dreamsports.dreamstechnologies.com/html/assets/img/icons/call.svg]
[dreamsports.dreamstechnologies.com/html/assets/img/icons/mail.svg]
[dreamsports.dreamstechnologies.com/html/assets/img/icons/indoor.svg]
[dreamsports.dreamstechnologies.com/html/assets/img/icons/Black.svg]
[dreamsports.dreamstechnologies.com/html/assets/img/icons/includes1.svg]
[dreamsports.dreamstechnologies.com/html/assets/img/gallery/gallery4/gallery-18.jpg]
[dreamsports.dreamstechnologies.com/html/assets/img/gallery/gallery4/gallery-19.jpg]
[dreamsports.dreamstechnologies.com/html/assets/img/gallery/gallery4/gallery-20.jpg]
[dreamsports.dreamstechnologies.com/html/user-bookings.html]
[dreamsports.dreamstechnologies.com/html/user-chat.html]
[dreamsports.dreamstechnologies.com/html/user-invoice.html]
[dreamsports.dreamstechnologies.com/html/user-coaches.html]
[dreamsports.dreamstechnologies.com/html/user-wallet.html]
[dreamsports.dreamstechnologies.com/html/user-profile.html]
[dreamsports.dreamstechnologies.com/html/user-setting-password.html]
[dreamsports.dreamstechnologies.com/html/assets/img/icons/master-card.svg]
[dreamsports.dreamstechnologies.com/html/assets/img/icons/deactive-profile.svg]
[dreamsports.dreamstechnologies.com/html/user-profile-othersetting.html]
[dreamsports.dreamstechnologies.com/html/assets/img/icons/email-success.svg]
[dreamsports.dreamstechnologies.com/html/assets/img/aboutus/banner-01.jpg]
[dreamsports.dreamstechnologies.com/html/assets/img/aboutus/banner-02.jpg]
[dreamsports.dreamstechnologies.com/html/assets/img/aboutus/banner-03.jpg]
[dreamsports.dreamstechnologies.com/html/assets/img/aboutus/team-01.jpg]
[dreamsports.dreamstechnologies.com/html/assets/img/aboutus/team-02.jpg]
[dreamsports.dreamstechnologies.com/html/assets/img/aboutus/team-03.jpg]
[dreamsports.dreamstechnologies.com/html/assets/img/aboutus/team-04.jpg]
[dreamsports.dreamstechnologies.com/html/assets/img/aboutus/team-05.jpg]
[dreamsports.dreamstechnologies.com/html/assets/img/aboutus/team-06.jpg]
[dreamsports.dreamstechnologies.com/html/assets/img/aboutus/team-07.jpg]
[dreamsports.dreamstechnologies.com/html/assets/img/aboutus/team-08.jpg]
[dreamsports.dreamstechnologies.com/html/about-us.html]
[dreamsports.dreamstechnologies.com/html/our-teams.html]
[dreamsports.dreamstechnologies.com/html/assets/img/services/service-05.jpg]
[dreamsports.dreamstechnologies.com/html/assets/img/services/service-06.jpg]
[dreamsports.dreamstechnologies.com/html/assets/img/services/service-07.jpg]
[dreamsports.dreamstechnologies.com/html/assets/img/services/service-08.jpg]
[dreamsports.dreamstechnologies.com/html/assets/img/services/service-09.jpg]
[dreamsports.dreamstechnologies.com/html/assets/img/services/service-10.jpg]
[dreamsports.dreamstechnologies.com/html/services.html]
[dreamsports.dreamstechnologies.com/html/event-details.html]
[dreamsports.dreamstechnologies.com/html/assets/img/events/event-01.jpg]
[dreamsports.dreamstechnologies.com/html/assets/img/events/event-02.jpg]
[dreamsports.dreamstechnologies.com/html/assets/img/events/event-03.jpg]
[dreamsports.dreamstechnologies.com/html/assets/img/events/event-04.jpg]
[dreamsports.dreamstechnologies.com/html/assets/img/events/event-05.jpg]
[dreamsports.dreamstechnologies.com/html/assets/img/events/event-06.jpg]
[dreamsports.dreamstechnologies.com/html/events.html]
[dreamsports.dreamstechnologies.com/html/assets/img/icons/google.svg]
[dreamsports.dreamstechnologies.com/html/register.html]
[dreamsports.dreamstechnologies.com/html/login.html]
[dreamsports.dreamstechnologies.com/html/forgot-password.html]
[dreamsports.dreamstechnologies.com/html/change-password.html]
[dreamsports.dreamstechnologies.com/html/assets/img/icons/facebook.svg]
[dreamsports.dreamstechnologies.com/html/assets/img/404.png]
[dreamsports.dreamstechnologies.com/html/error-404.html]
[dreamsports.dreamstechnologies.com/html/pricing.html]
[dreamsports.dreamstechnologies.com/html/faq.html]
[dreamsports.dreamstechnologies.com/html/assets/img/gallery/gallery4/gallery-01.png]
[dreamsports.dreamstechnologies.com/html/assets/img/gallery/gallery4/gallery-02.png]
[dreamsports.dreamstechnologies.com/html/assets/img/gallery/gallery4/gallery-03.png]
[dreamsports.dreamstechnologies.com/html/assets/img/gallery/gallery4/gallery-04.png]
[dreamsports.dreamstechnologies.com/html/assets/img/gallery/gallery4/gallery-05.png]
[dreamsports.dreamstechnologies.com/html/assets/img/gallery/gallery4/gallery-06.png]
[dreamsports.dreamstechnologies.com/html/assets/img/gallery/gallery4/gallery-07.png]
[dreamsports.dreamstechnologies.com/html/assets/img/gallery/gallery4/gallery-08.png]
[dreamsports.dreamstechnologies.com/html/assets/img/gallery/gallery4/gallery-09.png]
[dreamsports.dreamstechnologies.com/html/assets/img/gallery/gallery4/gallery-10.png]
[dreamsports.dreamstechnologies.com/html/assets/img/gallery/gallery4/gallery-11.png]
[dreamsports.dreamstechnologies.com/html/assets/img/gallery/gallery4/gallery-12.png]
[dreamsports.dreamstechnologies.com/html/assets/img/gallery/gallery4/gallery-13.png]
[dreamsports.dreamstechnologies.com/html/assets/img/gallery/gallery4/gallery-14.png]
[dreamsports.dreamstechnologies.com/html/gallery.html]
[dreamsports.dreamstechnologies.com/html/testimonials.html]
[dreamsports.dreamstechnologies.com/html/testimonials-carousel.html]
[dreamsports.dreamstechnologies.com/html/terms-condition.html]
[dreamsports.dreamstechnologies.com/html/privacy-policy.html]
[dreamsports.dreamstechnologies.com/html/assets/js/isotope-docs.min.js]
[dreamsports.dreamstechnologies.com/html/assets/img/maintenance.jpg]
[dreamsports.dreamstechnologies.com/html/maintenance.html]
[dreamsports.dreamstechnologies.com/html/assets/img/coming-soon.png]
[dreamsports.dreamstechnologies.com/html/assets/img/men.png]
[dreamsports.dreamstechnologies.com/html/coming-soon.html]
[dreamsports.dreamstechnologies.com/html/assets/img/blog/blog-01.jpg]
[dreamsports.dreamstechnologies.com/html/assets/img/blog/blog-02.jpg]
[dreamsports.dreamstechnologies.com/html/assets/img/blog/blog-03.jpg]
[dreamsports.dreamstechnologies.com/html/blog-list.html]
[dreamsports.dreamstechnologies.com/html/assets/img/blog/latestpost-01.jpg]
[dreamsports.dreamstechnologies.com/html/assets/img/blog/latestpost-02.jpg]
[dreamsports.dreamstechnologies.com/html/assets/img/blog/latestpost-03.jpg]
[dreamsports.dreamstechnologies.com/html/assets/img/blog/latestpost-04.jpg]
[dreamsports.dreamstechnologies.com/html/blog-list-sidebar-left.html]
[dreamsports.dreamstechnologies.com/html/blog-list-sidebar-right.html]
[dreamsports.dreamstechnologies.com/html/assets/img/venues/venues-15.jpg]
[dreamsports.dreamstechnologies.com/html/assets/img/venues/venues-16.jpg]
[dreamsports.dreamstechnologies.com/html/assets/img/venues/venues-17.jpg]
[dreamsports.dreamstechnologies.com/html/blog-grid.html]
[dreamsports.dreamstechnologies.com/html/blog-grid-sidebar-left.html]
[dreamsports.dreamstechnologies.com/html/blog-grid-sidebar-right.html]
[dreamsports.dreamstechnologies.com/html/assets/img/blog/blog-04.jpg]
[dreamsports.dreamstechnologies.com/html/assets/img/icons/grid.svg]
[dreamsports.dreamstechnologies.com/html/assets/img/icons/comment-quotes.svg]
[dreamsports.dreamstechnologies.com/html/assets/img/blog/blog-05.jpg]
[dreamsports.dreamstechnologies.com/html/assets/img/blog/blog-06.jpg]
[dreamsports.dreamstechnologies.com/html/assets/img/blog/blog-07.jpg]
[dreamsports.dreamstechnologies.com/html/blog-details.html]
[dreamsports.dreamstechnologies.com/html/blog-details-sidebar-left.html]
[dreamsports.dreamstechnologies.com/html/blog-details-sidebar-right.html]
[dreamsports.dreamstechnologies.com/html/blog-carousel.html]
[dreamsports.dreamstechnologies.com/html/contact-us.html]
[dreamsports.dreamstechnologies.com/html/assets/img/icons/banner-cock1.svg]
[dreamsports.dreamstechnologies.com/html/assets/img/icons/banner-cock2.svg]
[dreamsports.dreamstechnologies.com/html/assets/img/icons/work-cock.svg]
[dreamsports.dreamstechnologies.com/html/assets/img/icons/work-icon1.svg]
[dreamsports.dreamstechnologies.com/html/assets/img/icons/work-icon2.svg]
[dreamsports.dreamstechnologies.com/html/assets/img/icons/work-icon3.svg]
[dreamsports.dreamstechnologies.com/html/listing-grid.html]
[dreamsports.dreamstechnologies.com/html/assets/img/services/service-11.jpg]
[dreamsports.dreamstechnologies.com/html/assets/img/services/service-12.jpg]
[dreamsports.dreamstechnologies.com/html/service-detail.html]
[dreamsports.dreamstechnologies.com/html/assets/img/icons/cock-01.svg]
[dreamsports.dreamstechnologies.com/html/assets/img/icons/cock-02.svg]
[dreamsports.dreamstechnologies.com/html/assets/img/icons/coache-icon-01.svg]
[dreamsports.dreamstechnologies.com/html/assets/img/icons/coache-icon-02.svg]
[dreamsports.dreamstechnologies.com/html/assets/img/icons/coache-icon-03.svg]
[dreamsports.dreamstechnologies.com/html/assets/img/icons/coache-icon-04.svg]
[dreamsports.dreamstechnologies.com/html/assets/img/icons/coache-icon-05.svg]
[dreamsports.dreamstechnologies.com/html/assets/img/icons/coache-icon-06.svg]
[dreamsports.dreamstechnologies.com/html/assets/img/testimonial-icon-01.svg]
[dreamsports.dreamstechnologies.com/html/assets/img/testimonial-icon-04.svg]
[dreamsports.dreamstechnologies.com/html/assets/img/testimonial-icon-03.svg]
[dreamsports.dreamstechnologies.com/html/assets/img/testimonial-icon-05.svg]
[dreamsports.dreamstechnologies.com/html/assets/img/icons/price-01.svg]
[dreamsports.dreamstechnologies.com/html/assets/img/icons/price-02.svg]
[dreamsports.dreamstechnologies.com/html/assets/img/icons/price-03.svg]
[dreamsports.dreamstechnologies.com/html/assets/img/icons/clock.svg]
[dreamsports.dreamstechnologies.com/html/assets/img/icons/subscribe.svg]
[dreamsports.dreamstechnologies.com/html/assets/img/icons/detail-pagination.svg]
[dreamsports.dreamstechnologies.com/html/assets/img/icons/profile-icon-01.svg]
[dreamsports.dreamstechnologies.com/html/my-profile.html]
[dreamsports.dreamstechnologies.com/html/assets/img/icons/icon-apple.svg]
[dreamsports.dreamstechnologies.com/html/assets/img/icons/google-icon.svg]
[dreamsports.dreamstechnologies.com/html/assets/plugins/owl-carousel/owl.video.play.html]
[dreamsports.dreamstechnologies.com/html/assets/fonts/Feather144f.svg]
[dreamsports.dreamstechnologies.com/html/assets/img/icons/menu-active.svg]
[dreamsports.dreamstechnologies.com/html/assets/img/icons/down-arrow.svg]
[dreamsports.dreamstechnologies.com/html/assets/img/icons/cock-icon.svg]
[dreamsports.dreamstechnologies.com/html/assets/img/icons/bg-01.svg]
[dreamsports.dreamstechnologies.com/html/assets/img/icons/bg-02.svg]
[dreamsports.dreamstechnologies.com/html/assets/img/icons/cock-icon-02.svg]
[dreamsports.dreamstechnologies.com/html/assets/img/icons/calendar-icon.svg]
[dreamsports.dreamstechnologies.com/html/assets/img/icons/sort-01.svg]
[dreamsports.dreamstechnologies.com/html/assets/img/icons/sort-02.svg]
[dreamsports.dreamstechnologies.com/html/assets/img/icons/sort-03.svg]
[dreamsports.dreamstechnologies.com/html/assets/img/icons/u_plus-square.svg]
[dreamsports.dreamstechnologies.com/html/assets/plugins/simple-calendar/simple-calendar.css]
[dreamsports.dreamstechnologies.com/html/assets/plugins/ion-rangeslider/css/ion.rangeSlider.min.css]
[dreamsports.dreamstechnologies.com/html/assets/css/bootstrap-datetimepicker.min.css]
[dreamsports.dreamstechnologies.com/html/cage-order-confirm.html]
[dreamsports.dreamstechnologies.com/html/cage-personalinfo.html]
[dreamsports.dreamstechnologies.com/html/assets/img/icons/profile-icon-02.svg]
[dreamsports.dreamstechnologies.com/html/cage-checkout.html]
[dreamsports.dreamstechnologies.com/html/coach-timedate.html]
[dreamsports.dreamstechnologies.com/html/coach-personalinfo.html]
[dreamsports.dreamstechnologies.com/html/coach-order-confirm.html]
[dreamsports.dreamstechnologies.com/html/coach-payment.html]
[dreamsports.dreamstechnologies.com/html/assets/plugins/fancybox/jquery.fancybox.min.css]
[dreamsports.dreamstechnologies.com/html/assets/img/icons/expert.svg]
[dreamsports.dreamstechnologies.com/html/assets/img/icons/sessions.svg]
[dreamsports.dreamstechnologies.com/html/assets/img/icons/since.svg]
[dreamsports.dreamstechnologies.com/html/assets/img/icons/head-calendar.svg]
[dreamsports.dreamstechnologies.com/html/assets/img/icons/booking-confirmed.svg]
[dreamsports.dreamstechnologies.com/html/assets/js/map-list.js]
[dreamsports.dreamstechnologies.com/html/listing-map.html]
[dreamsports.dreamstechnologies.com/html/assets/img/icons/venue-type.svg]
[dreamsports.dreamstechnologies.com/html/assets/img/icons/dashboard-icon.svg]
[dreamsports.dreamstechnologies.com/html/assets/img/icons/court-icon.svg]
[dreamsports.dreamstechnologies.com/html/coach-request.html]
[dreamsports.dreamstechnologies.com/html/assets/img/icons/request-icon.svg]
[dreamsports.dreamstechnologies.com/html/booking-completed.html]
[dreamsports.dreamstechnologies.com/html/coach-booking.html]
[dreamsports.dreamstechnologies.com/html/assets/img/icons/booking-icon.svg]
[dreamsports.dreamstechnologies.com/html/assets/img/icons/chat-icon.svg]
[dreamsports.dreamstechnologies.com/html/assets/img/icons/invoice-icon.svg]
[dreamsports.dreamstechnologies.com/html/assets/img/icons/wallet-icon.svg]
[dreamsports.dreamstechnologies.com/html/assets/img/icons/profile-icon.svg]
[dreamsports.dreamstechnologies.com/html/assets/img/icons/statistics-01.svg]
[dreamsports.dreamstechnologies.com/html/assets/img/icons/statistics-03.svg]
[dreamsports.dreamstechnologies.com/html/assets/img/icons/statistics-02.svg]
[dreamsports.dreamstechnologies.com/html/assets/img/icons/statistics-04.svg]
[dreamsports.dreamstechnologies.com/html/assets/plugins/datatables/datatables.min.css]
[dreamsports.dreamstechnologies.com/html/court-active.html]
[dreamsports.dreamstechnologies.com/html/court-inactive.html]
[dreamsports.dreamstechnologies.com/html/assets/img/icons/upload-icon.svg]
[dreamsports.dreamstechnologies.com/html/earning-coaching.html]
[dreamsports.dreamstechnologies.com/html/assets/img/icons/visa-icon.svg]
[dreamsports.dreamstechnologies.com/html/setting-lesson.html]
[dreamsports.dreamstechnologies.com/html/booking-cancelled.html]
[dreamsports.dreamstechnologies.com/html/setting-availability.html]
[dreamsports.dreamstechnologies.com/html/setting-password.html]
[dreamsports.dreamstechnologies.com/html/profile-othersetting.html]
[dreamsports.dreamstechnologies.com/html/appointment-details.html]
[dreamsports.dreamstechnologies.com/html/assets/img/icons/img-icon.svg]
[dreamsports.dreamstechnologies.com/html/user-complete.html]
[dreamsports.dreamstechnologies.com/html/assets/plugins/moment/moment.min.js]
[dreamsports.dreamstechnologies.com/html/user-ongoing.html]
[dreamsports.dreamstechnologies.com/html/user-cancelled.html]
[dreamsports.dreamstechnologies.com/html/assets/img/icons/chat-icon-01.svg]
[dreamsports.dreamstechnologies.com/html/assets/img/icons/reset.svg]
[dreamsports.dreamstechnologies.com/html/assets/img/icons/rank.svg]
[dreamsports.dreamstechnologies.com/html/assets/img/icons/process.svg]
[dreamsports.dreamstechnologies.com/html/assets/img/icons/calendar-alt.svg]
[dreamsports.dreamstechnologies.com/html/assets/img/icons/short-bio.svg]
[dreamsports.dreamstechnologies.com/html/assets/img/icons/lesson-with-me.svg]
[dreamsports.dreamstechnologies.com/html/assets/img/icons/coaching.svg]
[dreamsports.dreamstechnologies.com/html/assets/img/icons/gallery.svg]
[dreamsports.dreamstechnologies.com/html/assets/img/icons/location.svg]
[dreamsports.dreamstechnologies.com/html/assets/img/icons/call.svg]
[dreamsports.dreamstechnologies.com/html/assets/img/icons/mail.svg]
[dreamsports.dreamstechnologies.com/html/assets/img/icons/indoor.svg]
[dreamsports.dreamstechnologies.com/html/assets/img/icons/Black.svg]
[dreamsports.dreamstechnologies.com/html/assets/img/icons/includes1.svg]
[dreamsports.dreamstechnologies.com/html/user-coaches.html]
[dreamsports.dreamstechnologies.com/html/assets/img/icons/master-card.svg]
[dreamsports.dreamstechnologies.com/html/assets/img/icons/deactive-profile.svg]
[dreamsports.dreamstechnologies.com/html/assets/img/icons/email-success.svg]
[dreamsports.dreamstechnologies.com/html/assets/img/icons/delete.svg]
[dreamsports.dreamstechnologies.com/html/assets/img/events/banner-01.jpg]
[dreamsports.dreamstechnologies.com/html/event-details.html]
[dreamsports.dreamstechnologies.com/html/assets/img/icons/google.svg]
[dreamsports.dreamstechnologies.com/html/assets/img/icons/facebook.svg]
[dreamsports.dreamstechnologies.com/html/assets/img/icons/grid.svg]
[dreamsports.dreamstechnologies.com/html/assets/img/icons/comment-quotes.svg]
[dreamsports.dreamstechnologies.com/html/assets/img/icons/detail-pagination.svg]
[dreamsports.dreamstechnologies.com/html/assets/img/icons/profile-icon-01.svg]
[dreamsports.dreamstechnologies.com/html/assets/img/icons/profile-icon-02.svg]
[dreamsports.dreamstechnologies.com/html/assets/img/icons/booking-confirmed.svg]
[dreamsports.dreamstechnologies.com/html/booking-completed.html]
[dreamsports.dreamstechnologies.com/html/booking-cancelled.html]
[dreamsports.dreamstechnologies.com/html/assets/img/icons/delete.svg]
